mode: atomic
github.com/beatlabs/patron/cache/lru/lru.go:14.36,16.16 2 3
github.com/beatlabs/patron/cache/lru/lru.go:19.2,19.35 1 2
github.com/beatlabs/patron/cache/lru/lru.go:16.16,18.3 1 1
github.com/beatlabs/patron/cache/lru/lru.go:23.60,26.2 2 3
github.com/beatlabs/patron/cache/lru/lru.go:29.31,32.2 2 1
github.com/beatlabs/patron/cache/lru/lru.go:35.42,38.2 2 1
github.com/beatlabs/patron/cache/lru/lru.go:41.58,44.2 2 4
github.com/beatlabs/patron/correlation/correlation.go:22.48,23.45 1 2
github.com/beatlabs/patron/correlation/correlation.go:26.2,26.28 1 1
github.com/beatlabs/patron/correlation/correlation.go:23.45,25.3 1 1
github.com/beatlabs/patron/correlation/correlation.go:30.79,32.2 1 2
github.com/beatlabs/patron/encoding/json/json.go:16.50,18.2 1 1
github.com/beatlabs/patron/encoding/json/json.go:21.50,23.2 1 1
github.com/beatlabs/patron/encoding/json/json.go:26.44,28.2 1 1
github.com/beatlabs/patron/encoding/protobuf/protobuf.go:18.50,20.16 2 2
github.com/beatlabs/patron/encoding/protobuf/protobuf.go:23.2,23.24 1 1
github.com/beatlabs/patron/encoding/protobuf/protobuf.go:20.16,22.3 1 1
github.com/beatlabs/patron/encoding/protobuf/protobuf.go:27.50,29.2 1 2
github.com/beatlabs/patron/encoding/protobuf/protobuf.go:32.44,34.2 1 1
github.com/beatlabs/patron/encoding/protobuf/test.pb.go:33.32,33.47 1 2
github.com/beatlabs/patron/encoding/protobuf/test.pb.go:34.32,34.69 1 1
github.com/beatlabs/patron/encoding/protobuf/test.pb.go:35.33,35.34 0 0
github.com/beatlabs/patron/encoding/protobuf/test.pb.go:36.43,38.2 1 1
github.com/beatlabs/patron/encoding/protobuf/test.pb.go:40.46,42.2 1 2
github.com/beatlabs/patron/encoding/protobuf/test.pb.go:43.74,45.2 1 1
github.com/beatlabs/patron/encoding/protobuf/test.pb.go:46.45,48.2 1 1
github.com/beatlabs/patron/encoding/protobuf/test.pb.go:49.31,51.2 1 1
github.com/beatlabs/patron/encoding/protobuf/test.pb.go:52.37,54.2 1 1
github.com/beatlabs/patron/encoding/protobuf/test.pb.go:58.34,59.32 1 5
github.com/beatlabs/patron/encoding/protobuf/test.pb.go:62.2,62.11 1 1
github.com/beatlabs/patron/encoding/protobuf/test.pb.go:59.32,61.3 1 4
github.com/beatlabs/patron/encoding/protobuf/test.pb.go:65.32,66.31 1 5
github.com/beatlabs/patron/encoding/protobuf/test.pb.go:69.2,69.10 1 1
github.com/beatlabs/patron/encoding/protobuf/test.pb.go:66.31,68.3 1 4
github.com/beatlabs/patron/encoding/protobuf/test.pb.go:72.34,73.14 1 5
github.com/beatlabs/patron/encoding/protobuf/test.pb.go:76.2,76.12 1 0
github.com/beatlabs/patron/encoding/protobuf/test.pb.go:73.14,75.3 1 5
github.com/beatlabs/patron/encoding/protobuf/test.pb.go:79.13,81.2 1 1
github.com/beatlabs/patron/encoding/protobuf/test.pb.go:83.13,83.82 1 1
github.com/beatlabs/patron/async/async.go:47.75,48.21 1 3
github.com/beatlabs/patron/async/async.go:54.2,54.73 1 1
github.com/beatlabs/patron/async/async.go:49.35,50.29 1 1
github.com/beatlabs/patron/async/async.go:51.42,52.33 1 1
github.com/beatlabs/patron/async/component.go:18.13,29.2 2 1
github.com/beatlabs/patron/async/component.go:31.37,33.2 1 11
github.com/beatlabs/patron/async/component.go:58.72,60.16 2 19
github.com/beatlabs/patron/async/component.go:63.2,63.15 1 19
github.com/beatlabs/patron/async/component.go:66.2,66.17 1 19
github.com/beatlabs/patron/async/component.go:69.2,74.3 1 19
github.com/beatlabs/patron/async/component.go:60.16,62.3 1 1
github.com/beatlabs/patron/async/component.go:63.15,65.3 1 1
github.com/beatlabs/patron/async/component.go:66.17,68.3 1 1
github.com/beatlabs/patron/async/component.go:80.66,81.47 1 18
github.com/beatlabs/patron/async/component.go:87.2,87.11 1 18
github.com/beatlabs/patron/async/component.go:81.47,83.3 1 1
github.com/beatlabs/patron/async/component.go:83.8,86.3 2 17
github.com/beatlabs/patron/async/component.go:92.55,96.2 3 18
github.com/beatlabs/patron/async/component.go:101.68,102.19 1 18
github.com/beatlabs/patron/async/component.go:108.2,108.11 1 18
github.com/beatlabs/patron/async/component.go:102.19,104.3 1 1
github.com/beatlabs/patron/async/component.go:104.8,107.3 2 17
github.com/beatlabs/patron/async/component.go:112.49,114.24 1 19
github.com/beatlabs/patron/async/component.go:118.2,127.15 2 14
github.com/beatlabs/patron/async/component.go:114.24,116.3 1 5
github.com/beatlabs/patron/async/component.go:131.52,135.34 2 13
github.com/beatlabs/patron/async/component.go:150.2,150.12 1 10
github.com/beatlabs/patron/async/component.go:135.34,137.17 2 16
github.com/beatlabs/patron/async/component.go:140.3,140.36 1 13
github.com/beatlabs/patron/async/component.go:143.3,144.20 2 11
github.com/beatlabs/patron/async/component.go:137.17,139.4 1 3
github.com/beatlabs/patron/async/component.go:140.36,141.9 1 2
github.com/beatlabs/patron/async/component.go:144.20,147.4 2 4
github.com/beatlabs/patron/async/component.go:153.59,156.16 2 16
github.com/beatlabs/patron/async/component.go:159.2,159.15 1 11
github.com/beatlabs/patron/async/component.go:166.2,167.16 2 11
github.com/beatlabs/patron/async/component.go:171.2,173.12 2 10
github.com/beatlabs/patron/async/component.go:188.2,188.17 1 10
github.com/beatlabs/patron/async/component.go:156.16,158.3 1 5
github.com/beatlabs/patron/async/component.go:159.15,161.17 2 11
github.com/beatlabs/patron/async/component.go:161.17,163.4 1 1
github.com/beatlabs/patron/async/component.go:167.16,169.3 1 1
github.com/beatlabs/patron/async/component.go:173.12,174.7 1 10
github.com/beatlabs/patron/async/component.go:174.7,175.11 1 22
github.com/beatlabs/patron/async/component.go:176.22,178.26 2 8
github.com/beatlabs/patron/async/component.go:179.24,181.34 2 8
github.com/beatlabs/patron/async/component.go:182.27,184.11 2 1
github.com/beatlabs/patron/async/component.go:191.64,193.16 2 8
github.com/beatlabs/patron/async/component.go:200.2,200.34 1 2
github.com/beatlabs/patron/async/component.go:193.16,195.17 2 6
github.com/beatlabs/patron/async/component.go:198.3,198.9 1 6
github.com/beatlabs/patron/async/component.go:195.17,197.4 1 4
github.com/beatlabs/patron/async/component.go:200.34,202.3 1 1
github.com/beatlabs/patron/async/component.go:207.74,209.24 2 6
github.com/beatlabs/patron/async/component.go:229.2,229.12 1 2
github.com/beatlabs/patron/async/component.go:210.24,212.21 2 1
github.com/beatlabs/patron/async/component.go:215.3,215.13 1 1
github.com/beatlabs/patron/async/component.go:216.20,218.17 2 3
github.com/beatlabs/patron/async/component.go:221.19,223.17 2 1
github.com/beatlabs/patron/async/component.go:226.10,227.22 1 1
github.com/beatlabs/patron/async/component.go:212.21,214.4 1 0
github.com/beatlabs/patron/async/component.go:218.17,220.4 1 1
github.com/beatlabs/patron/async/component.go:223.17,225.4 1 1
github.com/beatlabs/patron/errors/aggregate.go:11.35,13.24 2 1
github.com/beatlabs/patron/errors/aggregate.go:17.2,17.19 1 1
github.com/beatlabs/patron/errors/aggregate.go:13.24,16.3 2 3
github.com/beatlabs/patron/errors/aggregate.go:21.35,23.23 2 2
github.com/beatlabs/patron/errors/aggregate.go:29.2,29.19 1 2
github.com/beatlabs/patron/errors/aggregate.go:32.2,32.12 1 1
github.com/beatlabs/patron/errors/aggregate.go:23.23,24.15 1 7
github.com/beatlabs/patron/errors/aggregate.go:27.3,27.23 1 3
github.com/beatlabs/patron/errors/aggregate.go:24.15,25.12 1 4
github.com/beatlabs/patron/errors/aggregate.go:29.19,31.3 1 1
github.com/beatlabs/patron/async/amqp/amqp.go:23.54,25.4 1 0
github.com/beatlabs/patron/async/amqp/amqp.go:37.45,39.2 1 1
github.com/beatlabs/patron/async/amqp/amqp.go:41.47,43.2 1 1
github.com/beatlabs/patron/async/amqp/amqp.go:45.31,49.2 3 1
github.com/beatlabs/patron/async/amqp/amqp.go:51.32,55.2 3 1
github.com/beatlabs/patron/async/amqp/amqp.go:65.56,66.16 1 8
github.com/beatlabs/patron/async/amqp/amqp.go:70.2,70.16 1 7
github.com/beatlabs/patron/async/amqp/amqp.go:74.2,77.32 1 6
github.com/beatlabs/patron/async/amqp/amqp.go:86.2,86.47 1 5
github.com/beatlabs/patron/async/amqp/amqp.go:66.16,68.3 1 1
github.com/beatlabs/patron/async/amqp/amqp.go:70.16,72.3 1 1
github.com/beatlabs/patron/async/amqp/amqp.go:77.32,84.3 1 1
github.com/beatlabs/patron/async/amqp/amqp.go:99.84,100.15 1 3
github.com/beatlabs/patron/async/amqp/amqp.go:104.2,104.17 1 2
github.com/beatlabs/patron/async/amqp/amqp.go:108.2,108.98 1 1
github.com/beatlabs/patron/async/amqp/amqp.go:100.15,102.3 1 1
github.com/beatlabs/patron/async/amqp/amqp.go:104.17,106.3 1 1
github.com/beatlabs/patron/async/amqp/amqp.go:112.52,124.25 2 2
github.com/beatlabs/patron/async/amqp/amqp.go:131.2,131.15 1 1
github.com/beatlabs/patron/async/amqp/amqp.go:124.25,126.17 2 1
github.com/beatlabs/patron/async/amqp/amqp.go:126.17,128.4 1 1
github.com/beatlabs/patron/async/amqp/amqp.go:149.93,151.16 2 0
github.com/beatlabs/patron/async/amqp/amqp.go:155.2,158.12 3 0
github.com/beatlabs/patron/async/amqp/amqp.go:196.2,196.26 1 0
github.com/beatlabs/patron/async/amqp/amqp.go:151.16,153.3 1 0
github.com/beatlabs/patron/async/amqp/amqp.go:158.12,159.7 1 0
github.com/beatlabs/patron/async/amqp/amqp.go:159.7,160.11 1 0
github.com/beatlabs/patron/async/amqp/amqp.go:161.22,163.11 2 0
github.com/beatlabs/patron/async/amqp/amqp.go:164.27,172.19 5 0
github.com/beatlabs/patron/async/amqp/amqp.go:182.5,191.6 3 0
github.com/beatlabs/patron/async/amqp/amqp.go:172.19,174.24 2 0
github.com/beatlabs/patron/async/amqp/amqp.go:177.6,179.12 3 0
github.com/beatlabs/patron/async/amqp/amqp.go:174.24,176.7 1 0
github.com/beatlabs/patron/async/amqp/amqp.go:200.34,204.17 3 0
github.com/beatlabs/patron/async/amqp/amqp.go:211.2,211.19 1 0
github.com/beatlabs/patron/async/amqp/amqp.go:217.2,217.49 1 0
github.com/beatlabs/patron/async/amqp/amqp.go:204.17,206.17 2 0
github.com/beatlabs/patron/async/amqp/amqp.go:206.17,208.4 1 0
github.com/beatlabs/patron/async/amqp/amqp.go:211.19,213.17 2 0
github.com/beatlabs/patron/async/amqp/amqp.go:213.17,215.4 1 0
github.com/beatlabs/patron/async/amqp/amqp.go:220.60,222.16 2 0
github.com/beatlabs/patron/async/amqp/amqp.go:225.2,228.16 3 0
github.com/beatlabs/patron/async/amqp/amqp.go:231.2,237.16 5 0
github.com/beatlabs/patron/async/amqp/amqp.go:241.2,242.16 2 0
github.com/beatlabs/patron/async/amqp/amqp.go:246.2,246.37 1 0
github.com/beatlabs/patron/async/amqp/amqp.go:252.2,253.16 2 0
github.com/beatlabs/patron/async/amqp/amqp.go:257.2,257.24 1 0
github.com/beatlabs/patron/async/amqp/amqp.go:222.16,224.3 1 0
github.com/beatlabs/patron/async/amqp/amqp.go:228.16,230.3 1 0
github.com/beatlabs/patron/async/amqp/amqp.go:237.16,239.3 1 0
github.com/beatlabs/patron/async/amqp/amqp.go:242.16,244.3 1 0
github.com/beatlabs/patron/async/amqp/amqp.go:246.37,247.84 1 0
github.com/beatlabs/patron/async/amqp/amqp.go:247.84,249.4 1 0
github.com/beatlabs/patron/async/amqp/amqp.go:253.16,255.3 1 0
github.com/beatlabs/patron/async/amqp/amqp.go:260.49,262.23 2 1
github.com/beatlabs/patron/async/amqp/amqp.go:265.2,265.11 1 1
github.com/beatlabs/patron/async/amqp/amqp.go:262.23,264.3 1 2
github.com/beatlabs/patron/async/amqp/amqp.go:268.45,269.29 1 3
github.com/beatlabs/patron/async/amqp/amqp.go:278.2,278.28 1 2
github.com/beatlabs/patron/async/amqp/amqp.go:269.29,270.34 1 2
github.com/beatlabs/patron/async/amqp/amqp.go:270.34,272.23 2 2
github.com/beatlabs/patron/async/amqp/amqp.go:275.4,275.9 1 1
github.com/beatlabs/patron/async/amqp/amqp.go:272.23,274.5 1 1
github.com/beatlabs/patron/async/amqp/option.go:15.33,16.33 1 6
github.com/beatlabs/patron/async/amqp/option.go:16.33,17.14 1 3
github.com/beatlabs/patron/async/amqp/option.go:20.3,21.13 2 1
github.com/beatlabs/patron/async/amqp/option.go:17.14,19.4 1 2
github.com/beatlabs/patron/async/amqp/option.go:26.48,27.33 1 1
github.com/beatlabs/patron/async/amqp/option.go:27.33,29.55 1 1
github.com/beatlabs/patron/async/amqp/option.go:33.3,33.13 1 1
github.com/beatlabs/patron/async/amqp/option.go:29.55,31.5 1 0
github.com/beatlabs/patron/async/amqp/option.go:38.39,39.33 1 1
github.com/beatlabs/patron/async/amqp/option.go:39.33,42.3 2 1
github.com/beatlabs/patron/async/amqp/option.go:46.46,47.33 1 2
github.com/beatlabs/patron/async/amqp/option.go:47.33,48.25 1 2
github.com/beatlabs/patron/async/amqp/option.go:52.3,53.13 2 1
github.com/beatlabs/patron/async/amqp/option.go:48.25,50.4 1 1
github.com/beatlabs/patron/async/sqs/option.go:16.48,17.32 1 8
github.com/beatlabs/patron/async/sqs/option.go:17.32,18.43 1 5
github.com/beatlabs/patron/async/sqs/option.go:21.3,22.13 2 2
github.com/beatlabs/patron/async/sqs/option.go:18.43,20.4 1 3
github.com/beatlabs/patron/async/sqs/option.go:28.56,29.32 1 3
github.com/beatlabs/patron/async/sqs/option.go:29.32,30.50 1 3
github.com/beatlabs/patron/async/sqs/option.go:33.3,34.13 2 1
github.com/beatlabs/patron/async/sqs/option.go:30.50,32.4 1 2
github.com/beatlabs/patron/async/sqs/option.go:40.60,41.32 1 3
github.com/beatlabs/patron/async/sqs/option.go:41.32,42.72 1 3
github.com/beatlabs/patron/async/sqs/option.go:45.3,46.13 2 1
github.com/beatlabs/patron/async/sqs/option.go:42.72,44.4 1 2
github.com/beatlabs/patron/async/sqs/option.go:52.36,53.32 1 2
github.com/beatlabs/patron/async/sqs/option.go:53.32,54.17 1 2
github.com/beatlabs/patron/async/sqs/option.go:57.3,58.13 2 1
github.com/beatlabs/patron/async/sqs/option.go:54.17,56.4 1 1
github.com/beatlabs/patron/async/sqs/option.go:63.60,64.32 1 3
github.com/beatlabs/patron/async/sqs/option.go:64.32,65.20 1 3
github.com/beatlabs/patron/async/sqs/option.go:68.3,69.13 2 2
github.com/beatlabs/patron/async/sqs/option.go:65.20,67.4 1 1
github.com/beatlabs/patron/async/sqs/sqs.go:43.13,74.2 6 1
github.com/beatlabs/patron/async/sqs/sqs.go:87.45,89.2 1 2
github.com/beatlabs/patron/async/sqs/sqs.go:92.47,94.2 1 2
github.com/beatlabs/patron/async/sqs/sqs.go:97.31,102.16 2 2
github.com/beatlabs/patron/async/sqs/sqs.go:106.2,108.12 3 1
github.com/beatlabs/patron/async/sqs/sqs.go:102.16,105.3 2 1
github.com/beatlabs/patron/async/sqs/sqs.go:114.32,118.2 3 2
github.com/beatlabs/patron/async/sqs/sqs.go:133.94,134.18 1 20
github.com/beatlabs/patron/async/sqs/sqs.go:138.2,138.21 1 19
github.com/beatlabs/patron/async/sqs/sqs.go:142.2,145.16 2 18
github.com/beatlabs/patron/async/sqs/sqs.go:149.2,160.23 2 17
github.com/beatlabs/patron/async/sqs/sqs.go:167.2,167.15 1 16
github.com/beatlabs/patron/async/sqs/sqs.go:134.18,136.3 1 1
github.com/beatlabs/patron/async/sqs/sqs.go:138.21,140.3 1 1
github.com/beatlabs/patron/async/sqs/sqs.go:145.16,147.3 1 1
github.com/beatlabs/patron/async/sqs/sqs.go:160.23,162.17 2 3
github.com/beatlabs/patron/async/sqs/sqs.go:162.17,164.4 1 1
github.com/beatlabs/patron/async/sqs/sqs.go:171.52,182.2 1 2
github.com/beatlabs/patron/async/sqs/sqs.go:197.93,203.12 5 1
github.com/beatlabs/patron/async/sqs/sqs.go:271.2,271.12 1 1
github.com/beatlabs/patron/async/sqs/sqs.go:286.2,286.26 1 1
github.com/beatlabs/patron/async/sqs/sqs.go:203.12,204.7 1 1
github.com/beatlabs/patron/async/sqs/sqs.go:204.7,205.27 1 2
github.com/beatlabs/patron/async/sqs/sqs.go:208.4,221.18 3 2
github.com/beatlabs/patron/async/sqs/sqs.go:225.4,225.27 1 2
github.com/beatlabs/patron/async/sqs/sqs.go:229.4,231.40 2 2
github.com/beatlabs/patron/async/sqs/sqs.go:205.27,207.5 1 0
github.com/beatlabs/patron/async/sqs/sqs.go:221.18,223.13 2 0
github.com/beatlabs/patron/async/sqs/sqs.go:225.27,227.5 1 0
github.com/beatlabs/patron/async/sqs/sqs.go:231.40,244.19 8 2
github.com/beatlabs/patron/async/sqs/sqs.go:251.5,252.19 2 2
github.com/beatlabs/patron/async/sqs/sqs.go:259.5,267.6 1 2
github.com/beatlabs/patron/async/sqs/sqs.go:244.19,248.14 4 0
github.com/beatlabs/patron/async/sqs/sqs.go:252.19,256.14 4 0
github.com/beatlabs/patron/async/sqs/sqs.go:271.12,274.7 3 1
github.com/beatlabs/patron/async/sqs/sqs.go:274.7,275.11 1 3
github.com/beatlabs/patron/async/sqs/sqs.go:276.25,277.11 1 1
github.com/beatlabs/patron/async/sqs/sqs.go:278.25,280.19 2 2
github.com/beatlabs/patron/async/sqs/sqs.go:280.19,282.6 1 0
github.com/beatlabs/patron/async/sqs/sqs.go:290.34,293.2 2 1
github.com/beatlabs/patron/async/sqs/sqs.go:295.81,304.16 3 2
github.com/beatlabs/patron/async/sqs/sqs.go:308.2,309.16 2 2
github.com/beatlabs/patron/async/sqs/sqs.go:312.2,315.16 3 2
github.com/beatlabs/patron/async/sqs/sqs.go:318.2,321.16 3 2
github.com/beatlabs/patron/async/sqs/sqs.go:324.2,325.12 2 2
github.com/beatlabs/patron/async/sqs/sqs.go:304.16,306.3 1 0
github.com/beatlabs/patron/async/sqs/sqs.go:309.16,311.3 1 0
github.com/beatlabs/patron/async/sqs/sqs.go:315.16,317.3 1 0
github.com/beatlabs/patron/async/sqs/sqs.go:321.16,323.3 1 0
github.com/beatlabs/patron/async/sqs/sqs.go:328.80,330.24 2 6
github.com/beatlabs/patron/async/sqs/sqs.go:333.2,334.16 2 6
github.com/beatlabs/patron/async/sqs/sqs.go:337.2,337.19 1 6
github.com/beatlabs/patron/async/sqs/sqs.go:330.24,332.3 1 0
github.com/beatlabs/patron/async/sqs/sqs.go:334.16,336.3 1 0
github.com/beatlabs/patron/async/sqs/sqs.go:340.85,341.29 1 2
github.com/beatlabs/patron/async/sqs/sqs.go:349.2,349.23 1 2
github.com/beatlabs/patron/async/sqs/sqs.go:341.29,342.40 1 0
github.com/beatlabs/patron/async/sqs/sqs.go:342.40,343.32 1 0
github.com/beatlabs/patron/async/sqs/sqs.go:346.4,346.55 1 0
github.com/beatlabs/patron/async/sqs/sqs.go:343.32,345.5 1 0
github.com/beatlabs/patron/async/sqs/sqs.go:352.72,353.29 1 5
github.com/beatlabs/patron/async/sqs/sqs.go:361.2,361.28 1 4
github.com/beatlabs/patron/async/sqs/sqs.go:353.29,354.34 1 2
github.com/beatlabs/patron/async/sqs/sqs.go:354.34,355.32 1 2
github.com/beatlabs/patron/async/sqs/sqs.go:358.4,358.9 1 1
github.com/beatlabs/patron/async/sqs/sqs.go:355.32,357.5 1 1
github.com/beatlabs/patron/async/sqs/sqs.go:364.76,366.29 2 2
github.com/beatlabs/patron/async/sqs/sqs.go:371.2,371.11 1 2
github.com/beatlabs/patron/async/sqs/sqs.go:366.29,367.31 1 0
github.com/beatlabs/patron/async/sqs/sqs.go:367.31,369.4 1 0
github.com/beatlabs/patron/async/sqs/sqs.go:374.70,376.29 2 2
github.com/beatlabs/patron/async/sqs/sqs.go:379.2,380.16 2 2
github.com/beatlabs/patron/async/sqs/sqs.go:383.2,383.96 1 2
github.com/beatlabs/patron/async/sqs/sqs.go:376.29,378.3 1 0
github.com/beatlabs/patron/async/sqs/sqs.go:380.16,382.3 1 0
github.com/beatlabs/patron/async/sqs/sqs.go:386.67,388.2 1 5
github.com/beatlabs/patron/async/sqs/sqs.go:390.72,392.2 1 1
github.com/beatlabs/patron/log/log.go:54.61,55.14 1 2
github.com/beatlabs/patron/log/log.go:59.2,59.16 1 1
github.com/beatlabs/patron/log/log.go:63.2,64.12 2 1
github.com/beatlabs/patron/log/log.go:55.14,57.3 1 1
github.com/beatlabs/patron/log/log.go:59.16,61.3 1 1
github.com/beatlabs/patron/log/log.go:68.46,69.47 1 3
github.com/beatlabs/patron/log/log.go:75.2,75.15 1 2
github.com/beatlabs/patron/log/log.go:69.47,70.15 1 1
github.com/beatlabs/patron/log/log.go:73.3,73.11 1 1
github.com/beatlabs/patron/log/log.go:70.15,72.4 1 0
github.com/beatlabs/patron/log/log.go:79.65,81.2 1 2
github.com/beatlabs/patron/log/log.go:84.44,86.2 1 1
github.com/beatlabs/patron/log/log.go:89.33,91.2 1 1
github.com/beatlabs/patron/log/log.go:94.46,96.2 1 1
github.com/beatlabs/patron/log/log.go:99.33,101.2 1 1
github.com/beatlabs/patron/log/log.go:104.46,106.2 1 1
github.com/beatlabs/patron/log/log.go:109.33,111.2 1 1
github.com/beatlabs/patron/log/log.go:114.46,116.2 1 1
github.com/beatlabs/patron/log/log.go:119.32,121.2 1 1
github.com/beatlabs/patron/log/log.go:124.45,126.2 1 1
github.com/beatlabs/patron/log/log.go:129.32,131.2 1 1
github.com/beatlabs/patron/log/log.go:134.45,136.2 1 1
github.com/beatlabs/patron/log/log.go:139.33,141.2 1 1
github.com/beatlabs/patron/log/log.go:144.46,146.2 1 1
github.com/beatlabs/patron/log/log.go:159.28,161.2 1 6
github.com/beatlabs/patron/log/log.go:166.57,168.2 1 0
github.com/beatlabs/patron/log/log.go:171.50,172.2 0 0
github.com/beatlabs/patron/log/log.go:175.63,176.2 0 0
github.com/beatlabs/patron/log/log.go:179.50,180.2 0 0
github.com/beatlabs/patron/log/log.go:183.63,184.2 0 0
github.com/beatlabs/patron/log/log.go:187.50,188.2 0 0
github.com/beatlabs/patron/log/log.go:191.63,192.2 0 0
github.com/beatlabs/patron/log/log.go:195.49,196.2 0 0
github.com/beatlabs/patron/log/log.go:199.62,200.2 0 0
github.com/beatlabs/patron/log/log.go:203.49,204.2 0 0
github.com/beatlabs/patron/log/log.go:207.62,208.2 0 0
github.com/beatlabs/patron/log/log.go:211.50,212.2 0 0
github.com/beatlabs/patron/log/log.go:215.63,216.2 0 0
github.com/beatlabs/patron/log/log.go:219.36,221.2 1 0
github.com/beatlabs/patron/log/zerolog/factory.go:16.44,21.51 5 1
github.com/beatlabs/patron/log/zerolog/factory.go:21.51,23.3 1 0
github.com/beatlabs/patron/log/zerolog/factory.go:30.77,32.9 2 0
github.com/beatlabs/patron/log/zerolog/factory.go:35.2,35.13 1 0
github.com/beatlabs/patron/log/zerolog/factory.go:32.9,34.3 1 0
github.com/beatlabs/patron/log/zerolog/factory.go:38.63,40.9 2 1
github.com/beatlabs/patron/log/zerolog/factory.go:43.2,46.21 4 1
github.com/beatlabs/patron/log/zerolog/factory.go:40.9,42.3 1 0
github.com/beatlabs/patron/log/zerolog/factory.go:49.52,50.16 1 4
github.com/beatlabs/patron/log/zerolog/factory.go:53.2,55.25 3 3
github.com/beatlabs/patron/log/zerolog/factory.go:60.2,60.12 1 3
github.com/beatlabs/patron/log/zerolog/factory.go:50.16,52.3 1 1
github.com/beatlabs/patron/log/zerolog/factory.go:55.25,57.3 1 1
github.com/beatlabs/patron/log/zerolog/factory.go:57.8,59.3 1 2
github.com/beatlabs/patron/log/zerolog/logger.go:27.87,28.17 1 17
github.com/beatlabs/patron/log/zerolog/logger.go:31.2,32.41 2 17
github.com/beatlabs/patron/log/zerolog/logger.go:28.17,30.3 1 1
github.com/beatlabs/patron/log/zerolog/logger.go:36.60,37.15 1 2
github.com/beatlabs/patron/log/zerolog/logger.go:40.2,41.45 2 1
github.com/beatlabs/patron/log/zerolog/logger.go:37.15,39.3 1 1
github.com/beatlabs/patron/log/zerolog/logger.go:45.45,47.2 1 1
github.com/beatlabs/patron/log/zerolog/logger.go:50.58,52.2 1 1
github.com/beatlabs/patron/log/zerolog/logger.go:55.45,57.2 1 0
github.com/beatlabs/patron/log/zerolog/logger.go:60.58,62.2 1 0
github.com/beatlabs/patron/log/zerolog/logger.go:65.45,67.2 1 1
github.com/beatlabs/patron/log/zerolog/logger.go:70.58,72.2 1 1
github.com/beatlabs/patron/log/zerolog/logger.go:75.44,77.2 1 1
github.com/beatlabs/patron/log/zerolog/logger.go:80.57,82.2 1 1
github.com/beatlabs/patron/log/zerolog/logger.go:85.44,87.2 1 1
github.com/beatlabs/patron/log/zerolog/logger.go:90.57,92.2 1 1
github.com/beatlabs/patron/log/zerolog/logger.go:95.45,97.2 1 3
github.com/beatlabs/patron/log/zerolog/logger.go:100.58,102.2 1 1
github.com/beatlabs/patron/log/zerolog/logger.go:105.36,107.2 1 3
github.com/beatlabs/patron/reliability/retry/retry.go:18.60,19.17 1 4
github.com/beatlabs/patron/reliability/retry/retry.go:22.2,22.52 1 3
github.com/beatlabs/patron/reliability/retry/retry.go:19.17,21.3 1 1
github.com/beatlabs/patron/reliability/retry/retry.go:26.57,31.6 4 2
github.com/beatlabs/patron/reliability/retry/retry.go:41.2,41.17 1 1
github.com/beatlabs/patron/reliability/retry/retry.go:31.6,33.17 2 5
github.com/beatlabs/patron/reliability/retry/retry.go:36.3,37.19 2 4
github.com/beatlabs/patron/reliability/retry/retry.go:33.17,35.4 1 1
github.com/beatlabs/patron/reliability/retry/retry.go:37.19,38.9 1 1
github.com/beatlabs/patron/sync/sync.go:19.104,21.2 1 2
github.com/beatlabs/patron/sync/sync.go:24.47,26.2 1 1
github.com/beatlabs/patron/sync/sync.go:34.43,36.2 1 1
github.com/beatlabs/patron/reliability/circuitbreaker/breaker.go:16.36,18.2 1 1
github.com/beatlabs/patron/reliability/circuitbreaker/breaker.go:34.13,46.2 2 1
github.com/beatlabs/patron/reliability/circuitbreaker/breaker.go:48.48,50.2 1 3
github.com/beatlabs/patron/reliability/circuitbreaker/breaker.go:80.59,82.16 1 4
github.com/beatlabs/patron/reliability/circuitbreaker/breaker.go:86.2,86.60 1 3
github.com/beatlabs/patron/reliability/circuitbreaker/breaker.go:90.2,98.8 1 2
github.com/beatlabs/patron/reliability/circuitbreaker/breaker.go:82.16,84.3 1 1
github.com/beatlabs/patron/reliability/circuitbreaker/breaker.go:86.60,88.3 1 1
github.com/beatlabs/patron/reliability/circuitbreaker/breaker.go:101.45,104.64 3 8
github.com/beatlabs/patron/reliability/circuitbreaker/breaker.go:107.2,107.14 1 3
github.com/beatlabs/patron/reliability/circuitbreaker/breaker.go:104.64,106.3 1 5
github.com/beatlabs/patron/reliability/circuitbreaker/breaker.go:110.41,113.63 3 16
github.com/beatlabs/patron/reliability/circuitbreaker/breaker.go:116.2,116.14 1 11
github.com/beatlabs/patron/reliability/circuitbreaker/breaker.go:113.63,115.3 1 5
github.com/beatlabs/patron/reliability/circuitbreaker/breaker.go:119.42,123.2 3 5
github.com/beatlabs/patron/reliability/circuitbreaker/breaker.go:126.68,127.17 1 7
github.com/beatlabs/patron/reliability/circuitbreaker/breaker.go:131.2,132.16 2 6
github.com/beatlabs/patron/reliability/circuitbreaker/breaker.go:136.2,138.18 2 3
github.com/beatlabs/patron/reliability/circuitbreaker/breaker.go:127.17,129.3 1 1
github.com/beatlabs/patron/reliability/circuitbreaker/breaker.go:132.16,135.3 2 3
github.com/beatlabs/patron/reliability/circuitbreaker/breaker.go:141.40,143.17 1 3
github.com/beatlabs/patron/reliability/circuitbreaker/breaker.go:146.2,151.66 4 3
github.com/beatlabs/patron/reliability/circuitbreaker/breaker.go:156.2,158.55 2 2
github.com/beatlabs/patron/reliability/circuitbreaker/breaker.go:162.2,162.23 1 1
github.com/beatlabs/patron/reliability/circuitbreaker/breaker.go:143.17,145.3 1 0
github.com/beatlabs/patron/reliability/circuitbreaker/breaker.go:151.66,154.3 2 1
github.com/beatlabs/patron/reliability/circuitbreaker/breaker.go:158.55,160.3 1 1
github.com/beatlabs/patron/reliability/circuitbreaker/breaker.go:165.40,167.22 1 3
github.com/beatlabs/patron/reliability/circuitbreaker/breaker.go:170.2,176.47 5 2
github.com/beatlabs/patron/reliability/circuitbreaker/breaker.go:179.2,179.24 1 1
github.com/beatlabs/patron/reliability/circuitbreaker/breaker.go:167.22,169.3 1 1
github.com/beatlabs/patron/reliability/circuitbreaker/breaker.go:176.47,178.3 1 1
github.com/beatlabs/patron/reliability/circuitbreaker/breaker.go:182.46,189.2 6 2
github.com/beatlabs/patron/reliability/circuitbreaker/breaker.go:191.47,198.2 6 1
github.com/beatlabs/patron/option.go:14.41,15.32 1 7
github.com/beatlabs/patron/option.go:15.32,16.19 1 6
github.com/beatlabs/patron/option.go:19.3,21.13 3 3
github.com/beatlabs/patron/option.go:16.19,18.4 1 3
github.com/beatlabs/patron/option.go:26.56,27.32 1 5
github.com/beatlabs/patron/option.go:27.32,28.19 1 5
github.com/beatlabs/patron/option.go:31.3,33.13 3 2
github.com/beatlabs/patron/option.go:28.19,30.4 1 3
github.com/beatlabs/patron/option.go:38.53,39.32 1 2
github.com/beatlabs/patron/option.go:39.32,40.17 1 2
github.com/beatlabs/patron/option.go:43.3,45.13 3 1
github.com/beatlabs/patron/option.go:40.17,42.4 1 1
github.com/beatlabs/patron/option.go:50.53,51.32 1 2
github.com/beatlabs/patron/option.go:51.32,52.17 1 2
github.com/beatlabs/patron/option.go:55.3,57.13 3 1
github.com/beatlabs/patron/option.go:52.17,54.4 1 1
github.com/beatlabs/patron/option.go:62.45,63.32 1 9
github.com/beatlabs/patron/option.go:63.32,64.35 1 9
github.com/beatlabs/patron/option.go:67.3,69.13 3 7
github.com/beatlabs/patron/option.go:64.35,66.4 1 2
github.com/beatlabs/patron/option.go:74.40,75.32 1 2
github.com/beatlabs/patron/option.go:75.32,76.21 1 2
github.com/beatlabs/patron/option.go:79.3,81.13 3 1
github.com/beatlabs/patron/option.go:76.21,78.4 1 1
github.com/beatlabs/patron/service.go:41.68,42.16 1 25
github.com/beatlabs/patron/service.go:46.2,46.19 1 24
github.com/beatlabs/patron/service.go:50.2,55.25 1 24
github.com/beatlabs/patron/service.go:59.2,60.16 2 24
github.com/beatlabs/patron/service.go:64.2,65.16 2 24
github.com/beatlabs/patron/service.go:69.2,69.23 1 24
github.com/beatlabs/patron/service.go:76.2,77.16 2 22
github.com/beatlabs/patron/service.go:81.2,83.16 3 22
github.com/beatlabs/patron/service.go:42.16,44.3 1 1
github.com/beatlabs/patron/service.go:46.19,48.3 1 9
github.com/beatlabs/patron/service.go:55.25,55.71 1 0
github.com/beatlabs/patron/service.go:60.16,62.3 1 0
github.com/beatlabs/patron/service.go:65.16,67.3 1 0
github.com/beatlabs/patron/service.go:69.23,71.17 2 11
github.com/beatlabs/patron/service.go:71.17,73.4 1 2
github.com/beatlabs/patron/service.go:77.16,79.3 1 0
github.com/beatlabs/patron/service.go:86.35,88.2 1 22
github.com/beatlabs/patron/service.go:93.50,94.15 1 6
github.com/beatlabs/patron/service.go:100.2,104.27 5 6
github.com/beatlabs/patron/service.go:111.2,118.25 6 6
github.com/beatlabs/patron/service.go:121.2,121.38 1 6
github.com/beatlabs/patron/service.go:94.15,96.17 2 6
github.com/beatlabs/patron/service.go:96.17,98.4 1 0
github.com/beatlabs/patron/service.go:104.27,105.24 1 24
github.com/beatlabs/patron/service.go:105.24,108.4 2 24
github.com/beatlabs/patron/service.go:118.25,120.3 1 18
github.com/beatlabs/patron/service.go:125.40,128.9 2 24
github.com/beatlabs/patron/service.go:132.2,133.16 2 24
github.com/beatlabs/patron/service.go:137.2,142.25 2 24
github.com/beatlabs/patron/service.go:146.2,146.12 1 24
github.com/beatlabs/patron/service.go:128.9,130.3 1 24
github.com/beatlabs/patron/service.go:133.16,135.3 1 0
github.com/beatlabs/patron/service.go:142.25,144.3 1 1
github.com/beatlabs/patron/service.go:149.67,153.9 3 24
github.com/beatlabs/patron/service.go:156.2,157.9 2 24
github.com/beatlabs/patron/service.go:160.2,162.9 3 24
github.com/beatlabs/patron/service.go:165.2,168.64 3 24
github.com/beatlabs/patron/service.go:175.2,176.54 2 24
github.com/beatlabs/patron/service.go:153.9,155.3 1 22
github.com/beatlabs/patron/service.go:157.9,159.3 1 21
github.com/beatlabs/patron/service.go:162.9,164.3 1 24
github.com/beatlabs/patron/service.go:168.64,170.17 2 0
github.com/beatlabs/patron/service.go:170.17,172.4 1 0
github.com/beatlabs/patron/service.go:179.60,183.8 4 22
github.com/beatlabs/patron/service.go:189.2,194.18 4 22
github.com/beatlabs/patron/service.go:198.2,198.18 1 22
github.com/beatlabs/patron/service.go:202.2,202.21 1 22
github.com/beatlabs/patron/service.go:206.2,206.52 1 22
github.com/beatlabs/patron/service.go:210.2,211.16 2 22
github.com/beatlabs/patron/service.go:215.2,215.16 1 22
github.com/beatlabs/patron/service.go:183.8,185.17 2 6
github.com/beatlabs/patron/service.go:185.17,187.4 1 0
github.com/beatlabs/patron/service.go:194.18,196.3 1 22
github.com/beatlabs/patron/service.go:198.18,200.3 1 22
github.com/beatlabs/patron/service.go:202.21,204.3 1 1
github.com/beatlabs/patron/service.go:206.52,208.3 1 1
github.com/beatlabs/patron/service.go:211.16,213.3 1 0
github.com/beatlabs/patron/service.go:218.61,219.6 1 6
github.com/beatlabs/patron/service.go:219.6,220.10 1 6
github.com/beatlabs/patron/service.go:221.27,223.15 2 0
github.com/beatlabs/patron/service.go:229.23,231.14 2 6
github.com/beatlabs/patron/service.go:224.24,225.22 1 0
github.com/beatlabs/patron/service.go:226.12,227.15 1 0
github.com/beatlabs/patron/sync/http/auth/apikey/apikey.go:21.49,22.16 1 2
github.com/beatlabs/patron/sync/http/auth/apikey/apikey.go:25.2,25.38 1 1
github.com/beatlabs/patron/sync/http/auth/apikey/apikey.go:22.16,24.3 1 1
github.com/beatlabs/patron/sync/http/auth/apikey/apikey.go:29.71,31.21 2 6
github.com/beatlabs/patron/sync/http/auth/apikey/apikey.go:35.2,36.20 2 5
github.com/beatlabs/patron/sync/http/auth/apikey/apikey.go:40.2,40.42 1 4
github.com/beatlabs/patron/sync/http/auth/apikey/apikey.go:44.2,44.32 1 3
github.com/beatlabs/patron/sync/http/auth/apikey/apikey.go:31.21,33.3 1 1
github.com/beatlabs/patron/sync/http/auth/apikey/apikey.go:36.20,38.3 1 1
github.com/beatlabs/patron/sync/http/auth/apikey/apikey.go:40.42,42.3 1 1
github.com/beatlabs/patron/trace/trace.go:47.61,48.15 1 1
github.com/beatlabs/patron/trace/trace.go:51.2,69.16 5 1
github.com/beatlabs/patron/trace/trace.go:72.2,75.12 4 1
github.com/beatlabs/patron/trace/trace.go:48.15,50.3 1 1
github.com/beatlabs/patron/trace/trace.go:69.16,71.3 1 0
github.com/beatlabs/patron/trace/trace.go:79.20,82.2 2 1
github.com/beatlabs/patron/trace/trace.go:85.86,87.61 2 1
github.com/beatlabs/patron/trace/trace.go:90.2,96.72 7 1
github.com/beatlabs/patron/trace/trace.go:87.61,89.3 1 0
github.com/beatlabs/patron/trace/trace.go:100.52,104.2 3 1
github.com/beatlabs/patron/trace/trace.go:108.63,110.61 2 2
github.com/beatlabs/patron/trace/trace.go:113.2,117.25 5 2
github.com/beatlabs/patron/trace/trace.go:120.2,120.49 1 2
github.com/beatlabs/patron/trace/trace.go:110.61,112.3 1 0
github.com/beatlabs/patron/trace/trace.go:117.25,119.3 1 1
github.com/beatlabs/patron/trace/trace.go:124.51,127.2 2 0
github.com/beatlabs/patron/trace/trace.go:130.39,133.2 2 3
github.com/beatlabs/patron/trace/trace.go:136.37,139.2 2 2
github.com/beatlabs/patron/trace/trace.go:142.118,145.25 3 1
github.com/beatlabs/patron/trace/trace.go:148.2,149.16 2 1
github.com/beatlabs/patron/trace/trace.go:145.25,147.3 1 1
github.com/beatlabs/patron/trace/trace.go:154.63,162.25 7 1
github.com/beatlabs/patron/trace/trace.go:165.2,166.16 2 1
github.com/beatlabs/patron/trace/trace.go:162.25,164.3 1 1
github.com/beatlabs/patron/trace/trace.go:170.115,186.2 11 1
github.com/beatlabs/patron/trace/trace.go:189.45,191.2 1 1
github.com/beatlabs/patron/trace/trace.go:196.48,198.2 1 0
github.com/beatlabs/patron/trace/trace.go:200.69,202.2 1 0
github.com/beatlabs/patron/trace/trace.go:208.64,209.18 1 2
github.com/beatlabs/patron/trace/trace.go:212.2,212.31 1 2
github.com/beatlabs/patron/trace/trace.go:209.18,211.3 1 2
github.com/beatlabs/patron/trace/trace.go:216.49,218.2 1 1
github.com/beatlabs/patron/trace/amqp/option.go:15.48,16.41 1 3
github.com/beatlabs/patron/trace/amqp/option.go:16.41,17.19 1 3
github.com/beatlabs/patron/trace/amqp/option.go:20.3,21.55 1 1
github.com/beatlabs/patron/trace/amqp/option.go:25.3,25.13 1 1
github.com/beatlabs/patron/trace/amqp/option.go:17.19,19.4 1 2
github.com/beatlabs/patron/trace/amqp/option.go:21.55,23.5 1 0
github.com/beatlabs/patron/trace/amqp/user.pb.go:32.32,32.47 1 0
github.com/beatlabs/patron/trace/amqp/user.pb.go:33.32,33.69 1 0
github.com/beatlabs/patron/trace/amqp/user.pb.go:34.33,34.34 0 0
github.com/beatlabs/patron/trace/amqp/user.pb.go:35.43,37.2 1 0
github.com/beatlabs/patron/trace/amqp/user.pb.go:39.46,41.2 1 0
github.com/beatlabs/patron/trace/amqp/user.pb.go:42.74,44.2 1 2
github.com/beatlabs/patron/trace/amqp/user.pb.go:45.45,47.2 1 0
github.com/beatlabs/patron/trace/amqp/user.pb.go:48.31,50.2 1 2
github.com/beatlabs/patron/trace/amqp/user.pb.go:51.37,53.2 1 0
github.com/beatlabs/patron/trace/amqp/user.pb.go:57.38,58.36 1 0
github.com/beatlabs/patron/trace/amqp/user.pb.go:61.2,61.11 1 0
github.com/beatlabs/patron/trace/amqp/user.pb.go:58.36,60.3 1 0
github.com/beatlabs/patron/trace/amqp/user.pb.go:64.37,65.35 1 0
github.com/beatlabs/patron/trace/amqp/user.pb.go:68.2,68.11 1 0
github.com/beatlabs/patron/trace/amqp/user.pb.go:65.35,67.3 1 0
github.com/beatlabs/patron/trace/amqp/user.pb.go:71.13,73.2 1 1
github.com/beatlabs/patron/trace/amqp/user.pb.go:75.13,75.82 1 1
github.com/beatlabs/patron/trace/amqp/amqp.go:27.50,29.2 1 1
github.com/beatlabs/patron/trace/amqp/amqp.go:32.54,34.16 2 2
github.com/beatlabs/patron/trace/amqp/amqp.go:37.2,37.58 1 1
github.com/beatlabs/patron/trace/amqp/amqp.go:34.16,36.3 1 1
github.com/beatlabs/patron/trace/amqp/amqp.go:41.58,43.16 2 2
github.com/beatlabs/patron/trace/amqp/amqp.go:46.2,46.62 1 1
github.com/beatlabs/patron/trace/amqp/amqp.go:43.16,45.3 1 1
github.com/beatlabs/patron/trace/amqp/amqp.go:57.54,59.4 1 0
github.com/beatlabs/patron/trace/amqp/amqp.go:75.80,77.15 1 3
github.com/beatlabs/patron/trace/amqp/amqp.go:81.2,81.15 1 2
github.com/beatlabs/patron/trace/amqp/amqp.go:85.2,91.23 2 1
github.com/beatlabs/patron/trace/amqp/amqp.go:98.2,99.16 2 0
github.com/beatlabs/patron/trace/amqp/amqp.go:102.2,105.16 3 0
github.com/beatlabs/patron/trace/amqp/amqp.go:108.2,111.16 3 0
github.com/beatlabs/patron/trace/amqp/amqp.go:115.2,115.16 1 0
github.com/beatlabs/patron/trace/amqp/amqp.go:77.15,79.3 1 1
github.com/beatlabs/patron/trace/amqp/amqp.go:81.15,83.3 1 1
github.com/beatlabs/patron/trace/amqp/amqp.go:91.23,93.17 2 1
github.com/beatlabs/patron/trace/amqp/amqp.go:93.17,95.4 1 1
github.com/beatlabs/patron/trace/amqp/amqp.go:99.16,101.3 1 0
github.com/beatlabs/patron/trace/amqp/amqp.go:105.16,107.3 1 0
github.com/beatlabs/patron/trace/amqp/amqp.go:111.16,113.3 1 0
github.com/beatlabs/patron/trace/amqp/amqp.go:119.77,131.16 5 0
github.com/beatlabs/patron/trace/amqp/amqp.go:134.2,138.16 4 0
github.com/beatlabs/patron/trace/amqp/amqp.go:142.2,142.12 1 0
github.com/beatlabs/patron/trace/amqp/amqp.go:131.16,133.3 1 0
github.com/beatlabs/patron/trace/amqp/amqp.go:138.16,140.3 1 0
github.com/beatlabs/patron/trace/amqp/amqp.go:146.59,148.2 1 0
github.com/beatlabs/patron/trace/amqp/amqp.go:153.50,155.2 1 0
github.com/beatlabs/patron/trace/http/http.go:28.51,37.23 2 5
github.com/beatlabs/patron/trace/http/http.go:44.2,44.16 1 3
github.com/beatlabs/patron/trace/http/http.go:37.23,39.17 2 5
github.com/beatlabs/patron/trace/http/http.go:39.17,41.4 1 2
github.com/beatlabs/patron/trace/http/http.go:48.92,58.16 6 4
github.com/beatlabs/patron/trace/http/http.go:64.2,66.17 3 4
github.com/beatlabs/patron/trace/http/http.go:58.16,60.3 1 2
github.com/beatlabs/patron/trace/http/http.go:60.8,62.3 1 2
github.com/beatlabs/patron/trace/http/http.go:69.71,70.18 1 4
github.com/beatlabs/patron/trace/http/http.go:74.2,74.54 1 3
github.com/beatlabs/patron/trace/http/http.go:77.2,77.16 1 3
github.com/beatlabs/patron/trace/http/http.go:81.2,81.32 1 1
github.com/beatlabs/patron/trace/http/http.go:70.18,72.3 1 1
github.com/beatlabs/patron/trace/http/http.go:74.54,76.3 1 3
github.com/beatlabs/patron/trace/http/http.go:77.16,79.3 1 2
github.com/beatlabs/patron/trace/http/option.go:15.48,16.38 1 2
github.com/beatlabs/patron/trace/http/option.go:16.38,17.19 1 2
github.com/beatlabs/patron/trace/http/option.go:20.3,21.13 2 1
github.com/beatlabs/patron/trace/http/option.go:17.19,19.4 1 1
github.com/beatlabs/patron/trace/http/option.go:26.73,27.38 1 3
github.com/beatlabs/patron/trace/http/option.go:27.38,29.17 2 3
github.com/beatlabs/patron/trace/http/option.go:32.3,33.13 2 2
github.com/beatlabs/patron/trace/http/option.go:29.17,31.4 1 1
github.com/beatlabs/patron/trace/redis/redis.go:28.63,35.25 6 1
github.com/beatlabs/patron/trace/redis/redis.go:38.2,39.16 2 1
github.com/beatlabs/patron/trace/redis/redis.go:35.25,37.3 1 1
github.com/beatlabs/patron/trace/redis/redis.go:53.106,55.2 1 0
github.com/beatlabs/patron/trace/redis/redis.go:58.52,61.2 2 0
github.com/beatlabs/patron/trace/redis/redis.go:64.84,69.2 4 0
github.com/beatlabs/patron/trace/redis/redis.go:72.72,77.2 4 0
github.com/beatlabs/patron/trace/redis/redis.go:80.60,85.2 4 0
github.com/beatlabs/patron/trace/sns/message.go:32.42,38.2 1 18
github.com/beatlabs/patron/trace/sns/message.go:48.41,49.29 1 8
github.com/beatlabs/patron/trace/sns/message.go:53.2,53.30 1 7
github.com/beatlabs/patron/trace/sns/message.go:57.2,57.32 1 6
github.com/beatlabs/patron/trace/sns/message.go:62.2,62.29 1 5
github.com/beatlabs/patron/trace/sns/message.go:49.29,51.3 1 1
github.com/beatlabs/patron/trace/sns/message.go:53.30,55.3 1 1
github.com/beatlabs/patron/trace/sns/message.go:57.32,60.3 1 1
github.com/beatlabs/patron/trace/sns/message.go:66.62,69.2 2 1
github.com/beatlabs/patron/trace/sns/message.go:72.70,75.2 2 1
github.com/beatlabs/patron/trace/sns/message.go:78.68,81.2 2 2
github.com/beatlabs/patron/trace/sns/message.go:84.70,87.2 2 2
github.com/beatlabs/patron/trace/sns/message.go:90.74,93.2 2 2
github.com/beatlabs/patron/trace/sns/message.go:96.80,99.2 2 1
github.com/beatlabs/patron/trace/sns/message.go:102.89,106.2 3 1
github.com/beatlabs/patron/trace/sns/message.go:111.102,115.16 3 2
github.com/beatlabs/patron/trace/sns/message.go:119.2,121.10 2 1
github.com/beatlabs/patron/trace/sns/message.go:115.16,118.3 2 1
github.com/beatlabs/patron/trace/sns/message.go:127.97,128.31 1 9
github.com/beatlabs/patron/trace/sns/message.go:139.2,140.16 2 4
github.com/beatlabs/patron/trace/sns/message.go:144.2,144.30 1 4
github.com/beatlabs/patron/trace/sns/message.go:128.31,129.28 1 25
github.com/beatlabs/patron/trace/sns/message.go:132.32,133.12 1 20
github.com/beatlabs/patron/trace/sns/message.go:134.11,135.75 1 5
github.com/beatlabs/patron/trace/sns/message.go:140.16,142.3 1 0
github.com/beatlabs/patron/trace/sns/message.go:148.89,152.2 3 1
github.com/beatlabs/patron/trace/sns/message.go:155.89,159.2 3 1
github.com/beatlabs/patron/trace/sns/message.go:162.112,167.2 4 5
github.com/beatlabs/patron/trace/sns/message.go:170.52,171.18 1 10
github.com/beatlabs/patron/trace/sns/message.go:175.2,175.62 1 9
github.com/beatlabs/patron/trace/sns/message.go:181.2,181.38 1 8
github.com/beatlabs/patron/trace/sns/message.go:171.18,173.3 1 1
github.com/beatlabs/patron/trace/sns/message.go:175.62,176.51 1 5
github.com/beatlabs/patron/trace/sns/message.go:176.51,178.4 1 1
github.com/beatlabs/patron/trace/sns/message.go:185.60,186.28 1 4
github.com/beatlabs/patron/trace/sns/message.go:186.28,188.3 1 2
github.com/beatlabs/patron/trace/sns/message.go:191.58,196.2 1 5
github.com/beatlabs/patron/trace/sns/publisher.go:33.66,34.16 1 5
github.com/beatlabs/patron/trace/sns/publisher.go:38.2,42.8 1 4
github.com/beatlabs/patron/trace/sns/publisher.go:34.16,36.3 1 1
github.com/beatlabs/patron/trace/sns/publisher.go:46.98,51.16 4 3
github.com/beatlabs/patron/trace/sns/publisher.go:55.2,61.16 5 3
github.com/beatlabs/patron/trace/sns/publisher.go:65.2,65.26 1 2
github.com/beatlabs/patron/trace/sns/publisher.go:69.2,69.28 1 1
github.com/beatlabs/patron/trace/sns/publisher.go:51.16,53.3 1 0
github.com/beatlabs/patron/trace/sns/publisher.go:61.16,63.3 1 1
github.com/beatlabs/patron/trace/sns/publisher.go:65.26,67.3 1 1
github.com/beatlabs/patron/trace/sns/publisher.go:73.60,78.2 1 4
github.com/beatlabs/patron/trace/sns/publisher.go:83.49,85.2 1 1
github.com/beatlabs/patron/sync/http/route.go:21.91,23.2 1 1
github.com/beatlabs/patron/sync/http/route.go:26.92,28.2 1 1
github.com/beatlabs/patron/sync/http/route.go:31.91,33.2 1 1
github.com/beatlabs/patron/sync/http/route.go:36.94,38.2 1 1
github.com/beatlabs/patron/sync/http/route.go:41.93,43.2 1 1
github.com/beatlabs/patron/sync/http/route.go:46.92,48.2 1 1
github.com/beatlabs/patron/sync/http/route.go:51.95,53.2 1 1
github.com/beatlabs/patron/sync/http/route.go:56.123,58.11 2 19
github.com/beatlabs/patron/sync/http/route.go:61.2,61.17 1 19
github.com/beatlabs/patron/sync/http/route.go:64.2,64.17 1 19
github.com/beatlabs/patron/sync/http/route.go:67.2,67.111 1 19
github.com/beatlabs/patron/sync/http/route.go:58.11,60.3 1 18
github.com/beatlabs/patron/sync/http/route.go:61.17,63.3 1 8
github.com/beatlabs/patron/sync/http/route.go:64.17,66.3 1 1
github.com/beatlabs/patron/sync/http/route.go:71.98,73.11 2 93
github.com/beatlabs/patron/sync/http/route.go:76.2,76.17 1 93
github.com/beatlabs/patron/sync/http/route.go:79.2,79.89 1 93
github.com/beatlabs/patron/sync/http/route.go:73.11,75.3 1 1
github.com/beatlabs/patron/sync/http/route.go:76.17,78.3 1 1
github.com/beatlabs/patron/sync/http/route.go:83.120,85.2 1 1
github.com/beatlabs/patron/sync/http/route.go:88.121,90.2 1 1
github.com/beatlabs/patron/sync/http/route.go:93.120,95.2 1 1
github.com/beatlabs/patron/sync/http/route.go:98.123,100.2 1 1
github.com/beatlabs/patron/sync/http/route.go:103.122,105.2 1 1
github.com/beatlabs/patron/sync/http/route.go:108.121,110.2 1 1
github.com/beatlabs/patron/sync/http/route.go:113.124,115.2 1 1
github.com/beatlabs/patron/sync/http/route.go:118.127,120.11 2 2
github.com/beatlabs/patron/sync/http/route.go:123.2,123.17 1 2
github.com/beatlabs/patron/sync/http/route.go:126.2,126.17 1 2
github.com/beatlabs/patron/sync/http/route.go:129.2,129.101 1 2
github.com/beatlabs/patron/sync/http/route.go:120.11,122.3 1 1
github.com/beatlabs/patron/sync/http/route.go:123.17,125.3 1 2
github.com/beatlabs/patron/sync/http/route.go:126.17,128.3 1 1
github.com/beatlabs/patron/sync/http/alive.go:20.48,22.52 1 9
github.com/beatlabs/patron/sync/http/alive.go:32.2,32.56 1 9
github.com/beatlabs/patron/sync/http/alive.go:22.52,23.16 1 3
github.com/beatlabs/patron/sync/http/alive.go:24.14,25.32 1 1
github.com/beatlabs/patron/sync/http/alive.go:26.21,27.48 1 1
github.com/beatlabs/patron/sync/http/alive.go:28.11,29.32 1 1
github.com/beatlabs/patron/sync/http/component.go:25.41,25.57 1 0
github.com/beatlabs/patron/sync/http/component.go:27.41,27.57 1 0
github.com/beatlabs/patron/sync/http/component.go:45.52,53.9 7 3
github.com/beatlabs/patron/sync/http/component.go:54.20,56.27 2 2
github.com/beatlabs/patron/sync/http/component.go:57.23,58.13 1 1
github.com/beatlabs/patron/sync/http/component.go:62.71,63.41 1 3
github.com/beatlabs/patron/sync/http/component.go:68.2,69.28 2 2
github.com/beatlabs/patron/sync/http/component.go:63.41,66.3 2 2
github.com/beatlabs/patron/sync/http/component.go:72.53,75.33 3 4
github.com/beatlabs/patron/sync/http/component.go:86.2,95.3 3 4
github.com/beatlabs/patron/sync/http/component.go:75.33,76.33 1 45
github.com/beatlabs/patron/sync/http/component.go:83.3,83.63 1 45
github.com/beatlabs/patron/sync/http/component.go:76.33,79.4 2 3
github.com/beatlabs/patron/sync/http/component.go:79.9,81.4 1 42
github.com/beatlabs/patron/sync/http/component.go:118.28,128.2 2 6
github.com/beatlabs/patron/sync/http/component.go:131.50,132.24 1 4
github.com/beatlabs/patron/sync/http/component.go:140.2,140.11 1 4
github.com/beatlabs/patron/sync/http/component.go:132.24,134.3 1 1
github.com/beatlabs/patron/sync/http/component.go:134.8,138.3 3 3
github.com/beatlabs/patron/sync/http/component.go:144.52,145.18 1 5
github.com/beatlabs/patron/sync/http/component.go:152.2,152.11 1 5
github.com/beatlabs/patron/sync/http/component.go:145.18,147.3 1 1
github.com/beatlabs/patron/sync/http/component.go:147.8,150.3 2 4
github.com/beatlabs/patron/sync/http/component.go:156.67,157.18 1 2
github.com/beatlabs/patron/sync/http/component.go:164.2,164.11 1 2
github.com/beatlabs/patron/sync/http/component.go:157.18,159.3 1 1
github.com/beatlabs/patron/sync/http/component.go:159.8,162.3 2 1
github.com/beatlabs/patron/sync/http/component.go:168.63,169.25 1 2
github.com/beatlabs/patron/sync/http/component.go:176.2,176.11 1 2
github.com/beatlabs/patron/sync/http/component.go:169.25,171.3 1 1
github.com/beatlabs/patron/sync/http/component.go:171.8,174.3 2 1
github.com/beatlabs/patron/sync/http/component.go:180.64,181.25 1 2
github.com/beatlabs/patron/sync/http/component.go:188.2,188.11 1 2
github.com/beatlabs/patron/sync/http/component.go:181.25,183.3 1 1
github.com/beatlabs/patron/sync/http/component.go:183.8,186.3 2 1
github.com/beatlabs/patron/sync/http/component.go:192.45,193.25 1 4
github.com/beatlabs/patron/sync/http/component.go:200.2,200.11 1 4
github.com/beatlabs/patron/sync/http/component.go:193.25,195.3 1 1
github.com/beatlabs/patron/sync/http/component.go:195.8,198.3 2 3
github.com/beatlabs/patron/sync/http/component.go:204.68,205.16 1 2
github.com/beatlabs/patron/sync/http/component.go:212.2,212.11 1 2
github.com/beatlabs/patron/sync/http/component.go:205.16,207.3 1 1
github.com/beatlabs/patron/sync/http/component.go:207.8,210.3 2 1
github.com/beatlabs/patron/sync/http/component.go:216.68,217.16 1 2
github.com/beatlabs/patron/sync/http/component.go:224.2,224.11 1 2
github.com/beatlabs/patron/sync/http/component.go:217.16,219.3 1 1
github.com/beatlabs/patron/sync/http/component.go:219.8,222.3 2 1
github.com/beatlabs/patron/sync/http/component.go:228.49,229.24 1 6
github.com/beatlabs/patron/sync/http/component.go:233.2,250.15 6 5
github.com/beatlabs/patron/sync/http/component.go:229.24,231.3 1 1
github.com/beatlabs/patron/sync/http/handler.go:17.55,19.54 1 23
github.com/beatlabs/patron/sync/http/handler.go:19.54,22.17 2 5
github.com/beatlabs/patron/sync/http/handler.go:26.3,29.38 3 4
github.com/beatlabs/patron/sync/http/handler.go:33.3,42.17 8 4
github.com/beatlabs/patron/sync/http/handler.go:47.3,48.17 2 3
github.com/beatlabs/patron/sync/http/handler.go:22.17,25.4 2 1
github.com/beatlabs/patron/sync/http/handler.go:29.38,31.4 1 1
github.com/beatlabs/patron/sync/http/handler.go:42.17,45.4 2 1
github.com/beatlabs/patron/sync/http/handler.go:48.17,50.4 1 1
github.com/beatlabs/patron/sync/http/handler.go:54.99,59.18 3 16
github.com/beatlabs/patron/sync/http/handler.go:63.2,67.9 4 15
github.com/beatlabs/patron/sync/http/handler.go:82.2,82.9 1 13
github.com/beatlabs/patron/sync/http/handler.go:101.2,101.26 1 12
github.com/beatlabs/patron/sync/http/handler.go:59.18,61.3 1 1
github.com/beatlabs/patron/sync/http/handler.go:67.9,68.17 1 12
github.com/beatlabs/patron/sync/http/handler.go:69.43,72.25 3 8
github.com/beatlabs/patron/sync/http/handler.go:73.43,76.22 3 2
github.com/beatlabs/patron/sync/http/handler.go:77.11,78.72 1 2
github.com/beatlabs/patron/sync/http/handler.go:82.9,83.17 1 11
github.com/beatlabs/patron/sync/http/handler.go:84.43,86.18 2 8
github.com/beatlabs/patron/sync/http/handler.go:89.4,89.25 1 8
github.com/beatlabs/patron/sync/http/handler.go:90.43,92.18 2 2
github.com/beatlabs/patron/sync/http/handler.go:95.4,95.22 1 2
github.com/beatlabs/patron/sync/http/handler.go:96.11,97.66 1 1
github.com/beatlabs/patron/sync/http/handler.go:86.18,88.5 1 2
github.com/beatlabs/patron/sync/http/handler.go:92.18,94.5 1 1
github.com/beatlabs/patron/sync/http/handler.go:104.55,107.42 2 5
github.com/beatlabs/patron/sync/http/handler.go:110.2,110.10 1 5
github.com/beatlabs/patron/sync/http/handler.go:107.42,109.3 1 2
github.com/beatlabs/patron/sync/http/handler.go:113.56,116.37 2 5
github.com/beatlabs/patron/sync/http/handler.go:123.2,123.10 1 5
github.com/beatlabs/patron/sync/http/handler.go:116.37,117.32 1 16
github.com/beatlabs/patron/sync/http/handler.go:117.32,118.22 1 16
github.com/beatlabs/patron/sync/http/handler.go:118.22,120.5 1 15
github.com/beatlabs/patron/sync/http/handler.go:126.111,127.16 1 7
github.com/beatlabs/patron/sync/http/handler.go:132.2,133.16 2 5
github.com/beatlabs/patron/sync/http/handler.go:137.2,137.33 1 3
github.com/beatlabs/patron/sync/http/handler.go:141.2,142.12 2 3
github.com/beatlabs/patron/sync/http/handler.go:127.16,130.3 2 2
github.com/beatlabs/patron/sync/http/handler.go:133.16,135.3 1 2
github.com/beatlabs/patron/sync/http/handler.go:137.33,139.3 1 1
github.com/beatlabs/patron/sync/http/handler.go:145.96,147.33 1 9
github.com/beatlabs/patron/sync/http/handler.go:160.2,160.96 1 2
github.com/beatlabs/patron/sync/http/handler.go:147.33,149.20 2 7
github.com/beatlabs/patron/sync/http/handler.go:153.3,154.39 2 6
github.com/beatlabs/patron/sync/http/handler.go:157.3,157.9 1 6
github.com/beatlabs/patron/sync/http/handler.go:149.20,152.4 2 1
github.com/beatlabs/patron/sync/http/handler.go:154.39,156.4 1 0
github.com/beatlabs/patron/sync/http/handler.go:163.56,165.2 1 5
github.com/beatlabs/patron/sync/http/handler.go:167.55,169.19 2 4
github.com/beatlabs/patron/sync/http/handler.go:172.2,173.24 2 1
github.com/beatlabs/patron/sync/http/handler.go:176.2,176.10 1 1
github.com/beatlabs/patron/sync/http/handler.go:169.19,171.3 1 3
github.com/beatlabs/patron/sync/http/handler.go:173.24,175.3 1 1
github.com/beatlabs/patron/sync/http/metric.go:9.26,11.2 1 7
github.com/beatlabs/patron/sync/http/errors.go:15.32,16.22 1 13
github.com/beatlabs/patron/sync/http/errors.go:19.2,19.79 1 12
github.com/beatlabs/patron/sync/http/errors.go:16.22,18.3 1 1
github.com/beatlabs/patron/sync/http/errors.go:23.34,25.2 1 2
github.com/beatlabs/patron/sync/http/errors.go:28.64,30.2 1 1
github.com/beatlabs/patron/sync/http/errors.go:33.36,35.2 1 2
github.com/beatlabs/patron/sync/http/errors.go:38.66,40.2 1 1
github.com/beatlabs/patron/sync/http/errors.go:43.33,45.2 1 2
github.com/beatlabs/patron/sync/http/errors.go:48.63,50.2 1 1
github.com/beatlabs/patron/sync/http/errors.go:53.32,55.2 1 2
github.com/beatlabs/patron/sync/http/errors.go:58.62,60.2 1 1
github.com/beatlabs/patron/sync/http/errors.go:63.42,65.2 1 2
github.com/beatlabs/patron/sync/http/errors.go:68.72,70.2 1 1
github.com/beatlabs/patron/sync/http/errors.go:73.24,75.2 1 2
github.com/beatlabs/patron/sync/http/errors.go:78.71,80.2 1 3
github.com/beatlabs/patron/sync/http/middleware.go:21.63,23.2 1 12
github.com/beatlabs/patron/sync/http/middleware.go:26.39,28.2 1 12
github.com/beatlabs/patron/sync/http/middleware.go:31.47,33.2 1 11
github.com/beatlabs/patron/sync/http/middleware.go:36.55,39.16 2 11
github.com/beatlabs/patron/sync/http/middleware.go:43.2,43.28 1 11
github.com/beatlabs/patron/sync/http/middleware.go:48.2,48.19 1 11
github.com/beatlabs/patron/sync/http/middleware.go:39.16,41.3 1 0
github.com/beatlabs/patron/sync/http/middleware.go:43.28,46.3 2 3
github.com/beatlabs/patron/sync/http/middleware.go:52.48,56.2 3 12
github.com/beatlabs/patron/sync/http/middleware.go:62.45,63.46 1 8
github.com/beatlabs/patron/sync/http/middleware.go:63.46,64.72 1 7
github.com/beatlabs/patron/sync/http/middleware.go:64.72,65.17 1 3
github.com/beatlabs/patron/sync/http/middleware.go:81.4,81.24 1 3
github.com/beatlabs/patron/sync/http/middleware.go:65.17,66.33 1 3
github.com/beatlabs/patron/sync/http/middleware.go:66.33,68.27 2 3
github.com/beatlabs/patron/sync/http/middleware.go:76.6,78.100 3 3
github.com/beatlabs/patron/sync/http/middleware.go:69.18,70.26 1 1
github.com/beatlabs/patron/sync/http/middleware.go:71.17,72.14 1 1
github.com/beatlabs/patron/sync/http/middleware.go:73.14,74.40 1 1
github.com/beatlabs/patron/sync/http/middleware.go:87.64,88.46 1 13
github.com/beatlabs/patron/sync/http/middleware.go:88.46,89.72 1 3
github.com/beatlabs/patron/sync/http/middleware.go:89.72,91.18 2 3
github.com/beatlabs/patron/sync/http/middleware.go:96.4,96.22 1 2
github.com/beatlabs/patron/sync/http/middleware.go:100.4,100.24 1 1
github.com/beatlabs/patron/sync/http/middleware.go:91.18,94.5 2 1
github.com/beatlabs/patron/sync/http/middleware.go:96.22,99.5 2 1
github.com/beatlabs/patron/sync/http/middleware.go:107.62,108.46 1 21
github.com/beatlabs/patron/sync/http/middleware.go:108.46,109.72 1 4
github.com/beatlabs/patron/sync/http/middleware.go:109.72,116.4 6 1
github.com/beatlabs/patron/sync/http/middleware.go:121.73,122.36 1 21
github.com/beatlabs/patron/sync/http/middleware.go:125.2,125.10 1 21
github.com/beatlabs/patron/sync/http/middleware.go:122.36,124.3 1 22
github.com/beatlabs/patron/sync/http/middleware.go:128.61,129.34 1 1
github.com/beatlabs/patron/sync/http/middleware.go:133.2,134.54 2 1
github.com/beatlabs/patron/sync/http/middleware.go:138.2,149.23 2 1
github.com/beatlabs/patron/sync/http/middleware.go:129.34,131.3 1 0
github.com/beatlabs/patron/sync/http/middleware.go:134.54,136.3 1 0
github.com/beatlabs/patron/sync/http/middleware.go:152.50,154.9 2 9
github.com/beatlabs/patron/sync/http/middleware.go:159.2,159.19 1 5
github.com/beatlabs/patron/sync/http/middleware.go:164.2,164.18 1 4
github.com/beatlabs/patron/sync/http/middleware.go:169.2,169.15 1 3
github.com/beatlabs/patron/sync/http/middleware.go:154.9,158.3 3 4
github.com/beatlabs/patron/sync/http/middleware.go:159.19,163.3 3 1
github.com/beatlabs/patron/sync/http/middleware.go:164.18,168.3 3 1
github.com/beatlabs/patron/sync/http/profiling.go:8.32,22.2 1 6
github.com/beatlabs/patron/sync/http/profiling.go:24.56,26.2 1 1
github.com/beatlabs/patron/sync/http/profiling.go:28.63,30.2 1 1
github.com/beatlabs/patron/sync/http/profiling.go:32.58,34.2 1 1
github.com/beatlabs/patron/sync/http/profiling.go:36.58,38.2 1 1
github.com/beatlabs/patron/sync/http/profiling.go:40.57,42.2 1 1
github.com/beatlabs/patron/sync/http/profiling.go:44.56,46.2 1 1
github.com/beatlabs/patron/sync/http/profiling.go:48.55,50.2 1 1
github.com/beatlabs/patron/sync/http/profiling.go:52.60,54.2 1 1
github.com/beatlabs/patron/sync/http/profiling.go:56.56,58.2 1 1
github.com/beatlabs/patron/sync/http/profiling.go:60.63,62.2 1 1
github.com/beatlabs/patron/sync/http/profiling.go:64.56,66.2 1 1
github.com/beatlabs/patron/sync/http/ready.go:20.48,22.52 1 9
github.com/beatlabs/patron/sync/http/ready.go:32.2,32.56 1 9
github.com/beatlabs/patron/sync/http/ready.go:22.52,23.16 1 3
github.com/beatlabs/patron/sync/http/ready.go:24.14,25.32 1 1
github.com/beatlabs/patron/sync/http/ready.go:26.17,27.48 1 1
github.com/beatlabs/patron/sync/http/ready.go:28.11,29.32 1 1
github.com/beatlabs/patron/trace/sql/sql.go:18.108,20.2 1 0
github.com/beatlabs/patron/trace/sql/sql.go:39.79,43.16 4 0
github.com/beatlabs/patron/trace/sql/sql.go:47.2,47.25 1 0
github.com/beatlabs/patron/trace/sql/sql.go:43.16,45.3 1 0
github.com/beatlabs/patron/trace/sql/sql.go:51.49,56.2 4 0
github.com/beatlabs/patron/trace/sql/sql.go:59.97,64.2 4 0
github.com/beatlabs/patron/trace/sql/sql.go:67.48,72.2 4 0
github.com/beatlabs/patron/trace/sql/sql.go:75.74,79.16 4 0
github.com/beatlabs/patron/trace/sql/sql.go:82.2,82.31 1 0
github.com/beatlabs/patron/trace/sql/sql.go:79.16,81.3 1 0
github.com/beatlabs/patron/trace/sql/sql.go:86.97,90.16 4 0
github.com/beatlabs/patron/trace/sql/sql.go:94.2,94.18 1 0
github.com/beatlabs/patron/trace/sql/sql.go:90.16,92.3 1 0
github.com/beatlabs/patron/trace/sql/sql.go:98.90,102.2 3 0
github.com/beatlabs/patron/trace/sql/sql.go:111.59,113.16 2 0
github.com/beatlabs/patron/trace/sql/sql.go:116.2,118.69 2 0
github.com/beatlabs/patron/trace/sql/sql.go:113.16,115.3 1 0
github.com/beatlabs/patron/trace/sql/sql.go:122.37,125.2 2 0
github.com/beatlabs/patron/trace/sql/sql.go:128.78,132.16 4 0
github.com/beatlabs/patron/trace/sql/sql.go:136.2,136.25 1 0
github.com/beatlabs/patron/trace/sql/sql.go:132.16,134.3 1 0
github.com/beatlabs/patron/trace/sql/sql.go:140.48,145.2 4 0
github.com/beatlabs/patron/trace/sql/sql.go:148.56,152.16 4 0
github.com/beatlabs/patron/trace/sql/sql.go:156.2,156.54 1 0
github.com/beatlabs/patron/trace/sql/sql.go:152.16,154.3 1 0
github.com/beatlabs/patron/trace/sql/sql.go:160.57,164.2 3 0
github.com/beatlabs/patron/trace/sql/sql.go:167.96,171.16 4 0
github.com/beatlabs/patron/trace/sql/sql.go:175.2,175.17 1 0
github.com/beatlabs/patron/trace/sql/sql.go:171.16,173.3 1 0
github.com/beatlabs/patron/trace/sql/sql.go:179.47,184.2 4 0
github.com/beatlabs/patron/trace/sql/sql.go:187.73,191.16 4 0
github.com/beatlabs/patron/trace/sql/sql.go:195.2,195.31 1 0
github.com/beatlabs/patron/trace/sql/sql.go:191.16,193.3 1 0
github.com/beatlabs/patron/trace/sql/sql.go:199.96,203.16 4 0
github.com/beatlabs/patron/trace/sql/sql.go:207.2,207.18 1 0
github.com/beatlabs/patron/trace/sql/sql.go:203.16,205.3 1 0
github.com/beatlabs/patron/trace/sql/sql.go:211.89,215.2 3 0
github.com/beatlabs/patron/trace/sql/sql.go:218.51,220.2 1 0
github.com/beatlabs/patron/trace/sql/sql.go:223.38,225.2 1 0
github.com/beatlabs/patron/trace/sql/sql.go:228.38,230.2 1 0
github.com/beatlabs/patron/trace/sql/sql.go:233.54,237.2 3 0
github.com/beatlabs/patron/trace/sql/sql.go:246.49,251.2 4 0
github.com/beatlabs/patron/trace/sql/sql.go:254.83,258.16 4 0
github.com/beatlabs/patron/trace/sql/sql.go:262.2,262.17 1 0
github.com/beatlabs/patron/trace/sql/sql.go:258.16,260.3 1 0
github.com/beatlabs/patron/trace/sql/sql.go:266.83,270.16 4 0
github.com/beatlabs/patron/trace/sql/sql.go:274.2,274.18 1 0
github.com/beatlabs/patron/trace/sql/sql.go:270.16,272.3 1 0
github.com/beatlabs/patron/trace/sql/sql.go:278.76,282.2 3 0
github.com/beatlabs/patron/trace/sql/sql.go:291.49,296.2 4 0
github.com/beatlabs/patron/trace/sql/sql.go:299.96,303.16 4 0
github.com/beatlabs/patron/trace/sql/sql.go:307.2,307.17 1 0
github.com/beatlabs/patron/trace/sql/sql.go:303.16,305.3 1 0
github.com/beatlabs/patron/trace/sql/sql.go:311.73,315.16 4 0
github.com/beatlabs/patron/trace/sql/sql.go:319.2,319.31 1 0
github.com/beatlabs/patron/trace/sql/sql.go:315.16,317.3 1 0
github.com/beatlabs/patron/trace/sql/sql.go:323.96,327.16 4 0
github.com/beatlabs/patron/trace/sql/sql.go:330.2,330.18 1 0
github.com/beatlabs/patron/trace/sql/sql.go:327.16,329.3 1 0
github.com/beatlabs/patron/trace/sql/sql.go:334.89,338.2 3 0
github.com/beatlabs/patron/trace/sql/sql.go:341.51,346.2 4 0
github.com/beatlabs/patron/trace/sql/sql.go:349.59,353.2 3 0
github.com/beatlabs/patron/trace/sql/sql.go:355.35,367.32 5 14
github.com/beatlabs/patron/trace/sql/sql.go:382.2,382.12 1 14
github.com/beatlabs/patron/trace/sql/sql.go:367.32,368.20 1 96
github.com/beatlabs/patron/trace/sql/sql.go:369.17,370.22 1 12
github.com/beatlabs/patron/trace/sql/sql.go:371.19,372.20 1 12
github.com/beatlabs/patron/trace/sql/sql.go:373.19,374.24 1 12
github.com/beatlabs/patron/trace/sql/sql.go:375.18,376.23 1 12
github.com/beatlabs/patron/trace/sql/sql.go:377.17,378.22 1 12
github.com/beatlabs/patron/trace/es/elasticsearch.go:37.78,39.16 1 2
github.com/beatlabs/patron/trace/es/elasticsearch.go:43.2,47.21 4 2
github.com/beatlabs/patron/trace/es/elasticsearch.go:54.2,54.97 1 2
github.com/beatlabs/patron/trace/es/elasticsearch.go:39.16,41.3 1 0
github.com/beatlabs/patron/trace/es/elasticsearch.go:47.21,48.59 1 2
github.com/beatlabs/patron/trace/es/elasticsearch.go:48.59,51.4 2 2
github.com/beatlabs/patron/trace/es/elasticsearch.go:57.55,62.2 2 2
github.com/beatlabs/patron/trace/es/elasticsearch.go:70.78,72.16 2 1
github.com/beatlabs/patron/trace/es/elasticsearch.go:75.2,76.30 2 1
github.com/beatlabs/patron/trace/es/elasticsearch.go:80.2,81.17 2 1
github.com/beatlabs/patron/trace/es/elasticsearch.go:72.16,74.3 1 0
github.com/beatlabs/patron/trace/es/elasticsearch.go:76.30,79.3 2 0
github.com/beatlabs/patron/trace/es/elasticsearch.go:93.42,95.2 1 2
github.com/beatlabs/patron/trace/es/elasticsearch.go:99.45,101.16 2 3
github.com/beatlabs/patron/trace/es/elasticsearch.go:105.2,105.20 1 3
github.com/beatlabs/patron/trace/es/elasticsearch.go:116.2,139.8 4 3
github.com/beatlabs/patron/trace/es/elasticsearch.go:101.16,103.3 1 0
github.com/beatlabs/patron/trace/es/elasticsearch.go:105.20,109.17 3 2
github.com/beatlabs/patron/trace/es/elasticsearch.go:112.3,113.46 2 2
github.com/beatlabs/patron/trace/es/elasticsearch.go:109.17,111.4 1 0
github.com/beatlabs/patron/trace/es/elasticsearch.go:142.54,144.29 2 4
github.com/beatlabs/patron/trace/es/elasticsearch.go:152.2,152.18 1 4
github.com/beatlabs/patron/trace/es/elasticsearch.go:144.29,146.17 2 4
github.com/beatlabs/patron/trace/es/elasticsearch.go:150.3,150.25 1 4
github.com/beatlabs/patron/trace/es/elasticsearch.go:146.17,148.4 1 0
github.com/beatlabs/patron/trace/es/elasticsearch.go:155.30,157.12 2 6
github.com/beatlabs/patron/trace/es/elasticsearch.go:160.2,161.12 2 6
github.com/beatlabs/patron/trace/es/elasticsearch.go:165.2,165.26 1 6
github.com/beatlabs/patron/trace/es/elasticsearch.go:157.12,159.3 1 5
github.com/beatlabs/patron/trace/es/elasticsearch.go:161.12,163.3 1 5
github.com/beatlabs/patron/async/kafka/kafka.go:24.97,26.2 1 0
github.com/beatlabs/patron/async/kafka/kafka.go:28.13,39.2 2 1
github.com/beatlabs/patron/async/kafka/kafka.go:58.45,60.2 1 1
github.com/beatlabs/patron/async/kafka/kafka.go:63.47,65.2 1 15
github.com/beatlabs/patron/async/kafka/kafka.go:68.31,69.19 1 1
github.com/beatlabs/patron/async/kafka/kafka.go:72.2,73.12 2 1
github.com/beatlabs/patron/async/kafka/kafka.go:69.19,71.3 1 0
github.com/beatlabs/patron/async/kafka/kafka.go:77.32,80.2 2 1
github.com/beatlabs/patron/async/kafka/kafka.go:83.63,86.16 2 1
github.com/beatlabs/patron/async/kafka/kafka.go:90.2,95.20 5 1
github.com/beatlabs/patron/async/kafka/kafka.go:86.16,88.3 1 0
github.com/beatlabs/patron/async/kafka/kafka.go:99.152,110.16 7 16
github.com/beatlabs/patron/async/kafka/kafka.go:114.2,120.8 1 14
github.com/beatlabs/patron/async/kafka/kafka.go:110.16,112.3 1 2
github.com/beatlabs/patron/async/kafka/kafka.go:123.131,125.14 1 16
github.com/beatlabs/patron/async/kafka/kafka.go:129.2,130.16 2 3
github.com/beatlabs/patron/async/kafka/kafka.go:135.2,137.16 2 2
github.com/beatlabs/patron/async/kafka/kafka.go:142.2,142.17 1 1
github.com/beatlabs/patron/async/kafka/kafka.go:125.14,127.3 1 13
github.com/beatlabs/patron/async/kafka/kafka.go:130.16,133.3 2 1
github.com/beatlabs/patron/async/kafka/kafka.go:137.16,140.3 2 1
github.com/beatlabs/patron/async/kafka/kafka.go:145.57,146.23 1 19
github.com/beatlabs/patron/async/kafka/kafka.go:154.2,154.28 1 18
github.com/beatlabs/patron/async/kafka/kafka.go:146.23,147.44 1 18
github.com/beatlabs/patron/async/kafka/kafka.go:147.44,148.24 1 2
github.com/beatlabs/patron/async/kafka/kafka.go:151.4,151.9 1 1
github.com/beatlabs/patron/async/kafka/kafka.go:148.24,150.5 1 1
github.com/beatlabs/patron/async/kafka/kafka.go:157.71,158.24 1 5
github.com/beatlabs/patron/async/kafka/kafka.go:163.2,163.57 1 2
github.com/beatlabs/patron/async/kafka/kafka.go:158.24,159.50 1 4
github.com/beatlabs/patron/async/kafka/kafka.go:159.50,161.4 1 3
github.com/beatlabs/patron/async/kafka/kafka.go:166.61,168.23 2 17
github.com/beatlabs/patron/async/kafka/kafka.go:171.2,171.11 1 17
github.com/beatlabs/patron/async/kafka/kafka.go:168.23,170.3 1 17
github.com/beatlabs/patron/async/kafka/option.go:17.41,18.39 1 3
github.com/beatlabs/patron/async/kafka/option.go:18.39,19.20 1 3
github.com/beatlabs/patron/async/kafka/option.go:23.3,24.17 2 2
github.com/beatlabs/patron/async/kafka/option.go:27.3,28.13 2 1
github.com/beatlabs/patron/async/kafka/option.go:19.20,21.4 1 1
github.com/beatlabs/patron/async/kafka/option.go:24.17,26.4 1 1
github.com/beatlabs/patron/async/kafka/option.go:33.33,34.39 1 2
github.com/beatlabs/patron/async/kafka/option.go:34.39,35.14 1 2
github.com/beatlabs/patron/async/kafka/option.go:38.3,39.13 2 1
github.com/beatlabs/patron/async/kafka/option.go:35.14,37.4 1 1
github.com/beatlabs/patron/async/kafka/option.go:44.48,45.39 1 1
github.com/beatlabs/patron/async/kafka/option.go:45.39,48.3 2 1
github.com/beatlabs/patron/async/kafka/option.go:52.37,53.39 1 1
github.com/beatlabs/patron/async/kafka/option.go:53.39,56.3 2 1
github.com/beatlabs/patron/async/kafka/option.go:60.35,61.39 1 1
github.com/beatlabs/patron/async/kafka/option.go:61.39,64.3 2 1
github.com/beatlabs/patron/async/kafka/option.go:68.35,69.39 1 1
github.com/beatlabs/patron/async/kafka/option.go:69.39,72.3 2 1
github.com/beatlabs/patron/async/kafka/option.go:76.53,77.39 1 2
github.com/beatlabs/patron/async/kafka/option.go:77.39,78.17 1 2
github.com/beatlabs/patron/async/kafka/option.go:81.3,82.13 2 1
github.com/beatlabs/patron/async/kafka/option.go:78.17,80.4 1 1
github.com/beatlabs/patron/async/kafka/option.go:87.31,88.39 1 1
github.com/beatlabs/patron/async/kafka/option.go:88.39,91.3 2 1
github.com/beatlabs/patron/async/kafka/simple/simple.go:23.90,25.16 1 9
github.com/beatlabs/patron/async/kafka/simple/simple.go:29.2,29.23 1 8
github.com/beatlabs/patron/async/kafka/simple/simple.go:33.2,33.17 1 7
github.com/beatlabs/patron/async/kafka/simple/simple.go:37.2,37.74 1 6
github.com/beatlabs/patron/async/kafka/simple/simple.go:25.16,27.3 1 1
github.com/beatlabs/patron/async/kafka/simple/simple.go:29.23,31.3 1 1
github.com/beatlabs/patron/async/kafka/simple/simple.go:33.17,35.3 1 1
github.com/beatlabs/patron/async/kafka/simple/simple.go:41.52,44.16 2 7
github.com/beatlabs/patron/async/kafka/simple/simple.go:48.2,59.25 3 7
github.com/beatlabs/patron/async/kafka/simple/simple.go:66.2,66.15 1 6
github.com/beatlabs/patron/async/kafka/simple/simple.go:44.16,46.3 1 0
github.com/beatlabs/patron/async/kafka/simple/simple.go:59.25,61.17 2 12
github.com/beatlabs/patron/async/kafka/simple/simple.go:61.17,63.4 1 1
github.com/beatlabs/patron/async/kafka/simple/simple.go:78.34,79.18 1 5
github.com/beatlabs/patron/async/kafka/simple/simple.go:83.2,83.12 1 5
github.com/beatlabs/patron/async/kafka/simple/simple.go:79.18,81.3 1 5
github.com/beatlabs/patron/async/kafka/simple/simple.go:87.93,96.16 7 5
github.com/beatlabs/patron/async/kafka/simple/simple.go:100.2,100.19 1 3
github.com/beatlabs/patron/async/kafka/simple/simple.go:104.2,104.25 1 3
github.com/beatlabs/patron/async/kafka/simple/simple.go:132.2,132.26 1 3
github.com/beatlabs/patron/async/kafka/simple/simple.go:96.16,98.3 1 2
github.com/beatlabs/patron/async/kafka/simple/simple.go:100.19,102.3 1 0
github.com/beatlabs/patron/async/kafka/simple/simple.go:104.25,105.46 1 3
github.com/beatlabs/patron/async/kafka/simple/simple.go:105.46,106.8 1 3
github.com/beatlabs/patron/async/kafka/simple/simple.go:106.8,107.12 1 5
github.com/beatlabs/patron/async/kafka/simple/simple.go:108.23,111.12 3 2
github.com/beatlabs/patron/async/kafka/simple/simple.go:112.47,115.12 3 1
github.com/beatlabs/patron/async/kafka/simple/simple.go:116.37,119.47 2 2
github.com/beatlabs/patron/async/kafka/simple/simple.go:119.47,121.21 2 2
github.com/beatlabs/patron/async/kafka/simple/simple.go:125.7,125.19 1 1
github.com/beatlabs/patron/async/kafka/simple/simple.go:121.21,124.8 2 1
github.com/beatlabs/patron/async/kafka/simple/simple.go:135.69,138.16 2 5
github.com/beatlabs/patron/async/kafka/simple/simple.go:141.2,144.16 3 5
github.com/beatlabs/patron/async/kafka/simple/simple.go:148.2,150.39 2 4
github.com/beatlabs/patron/async/kafka/simple/simple.go:159.2,159.17 1 3
github.com/beatlabs/patron/async/kafka/simple/simple.go:138.16,140.3 1 0
github.com/beatlabs/patron/async/kafka/simple/simple.go:144.16,146.3 1 1
github.com/beatlabs/patron/async/kafka/simple/simple.go:150.39,153.17 2 4
github.com/beatlabs/patron/async/kafka/simple/simple.go:156.3,156.14 1 3
github.com/beatlabs/patron/async/kafka/simple/simple.go:153.17,155.4 1 1
github.com/beatlabs/patron/async/kafka/simple/simple.go:162.59,163.16 1 3
github.com/beatlabs/patron/async/kafka/simple/simple.go:166.2,167.16 2 3
github.com/beatlabs/patron/async/kafka/simple/simple.go:163.16,165.3 1 0
github.com/beatlabs/patron/async/kafka/simple/simple.go:167.16,169.3 1 1
github.com/beatlabs/patron/async/kafka/group/group.go:25.97,27.16 1 7
github.com/beatlabs/patron/async/kafka/group/group.go:31.2,31.17 1 6
github.com/beatlabs/patron/async/kafka/group/group.go:35.2,35.23 1 5
github.com/beatlabs/patron/async/kafka/group/group.go:39.2,39.17 1 4
github.com/beatlabs/patron/async/kafka/group/group.go:43.2,43.88 1 3
github.com/beatlabs/patron/async/kafka/group/group.go:27.16,29.3 1 1
github.com/beatlabs/patron/async/kafka/group/group.go:31.17,33.3 1 1
github.com/beatlabs/patron/async/kafka/group/group.go:35.23,37.3 1 1
github.com/beatlabs/patron/async/kafka/group/group.go:39.17,41.3 1 1
github.com/beatlabs/patron/async/kafka/group/group.go:47.52,51.16 2 4
github.com/beatlabs/patron/async/kafka/group/group.go:55.2,68.25 3 4
github.com/beatlabs/patron/async/kafka/group/group.go:75.2,75.15 1 3
github.com/beatlabs/patron/async/kafka/group/group.go:51.16,53.3 1 0
github.com/beatlabs/patron/async/kafka/group/group.go:68.25,70.17 2 1
github.com/beatlabs/patron/async/kafka/group/group.go:70.17,72.4 1 1
github.com/beatlabs/patron/async/kafka/group/group.go:89.34,90.18 1 1
github.com/beatlabs/patron/async/kafka/group/group.go:94.2,95.16 2 1
github.com/beatlabs/patron/async/kafka/group/group.go:99.2,99.12 1 1
github.com/beatlabs/patron/async/kafka/group/group.go:90.18,92.3 1 1
github.com/beatlabs/patron/async/kafka/group/group.go:95.16,97.3 1 0
github.com/beatlabs/patron/async/kafka/group/group.go:103.93,108.16 4 2
github.com/beatlabs/patron/async/kafka/group/group.go:111.2,117.12 5 1
github.com/beatlabs/patron/async/kafka/group/group.go:133.2,133.12 1 1
github.com/beatlabs/patron/async/kafka/group/group.go:143.2,143.26 1 1
github.com/beatlabs/patron/async/kafka/group/group.go:108.16,110.3 1 1
github.com/beatlabs/patron/async/kafka/group/group.go:117.12,118.7 1 1
github.com/beatlabs/patron/async/kafka/group/group.go:118.7,119.11 1 1
github.com/beatlabs/patron/async/kafka/group/group.go:120.22,123.11 3 1
github.com/beatlabs/patron/async/kafka/group/group.go:124.42,127.11 3 0
github.com/beatlabs/patron/async/kafka/group/group.go:133.12,135.7 2 1
github.com/beatlabs/patron/async/kafka/group/group.go:135.7,137.18 2 1
github.com/beatlabs/patron/async/kafka/group/group.go:137.18,139.5 1 1
github.com/beatlabs/patron/async/kafka/group/group.go:146.46,147.16 1 1
github.com/beatlabs/patron/async/kafka/group/group.go:150.2,151.16 2 1
github.com/beatlabs/patron/async/kafka/group/group.go:147.16,149.3 1 0
github.com/beatlabs/patron/async/kafka/group/group.go:151.16,153.3 1 0
github.com/beatlabs/patron/async/kafka/group/group.go:161.63,161.77 1 0
github.com/beatlabs/patron/async/kafka/group/group.go:162.63,162.77 1 0
github.com/beatlabs/patron/async/kafka/group/group.go:163.104,165.36 2 3
github.com/beatlabs/patron/async/kafka/group/group.go:173.2,173.12 1 1
github.com/beatlabs/patron/async/kafka/group/group.go:165.36,168.17 3 3
github.com/beatlabs/patron/async/kafka/group/group.go:171.3,171.18 1 1
github.com/beatlabs/patron/async/kafka/group/group.go:168.17,170.4 1 2
github.com/beatlabs/patron/trace/kafka/kafka.go:25.51,27.2 1 1
github.com/beatlabs/patron/trace/kafka/kafka.go:30.77,31.13 1 9
github.com/beatlabs/patron/trace/kafka/kafka.go:34.2,34.50 1 8
github.com/beatlabs/patron/trace/kafka/kafka.go:31.13,33.3 1 1
github.com/beatlabs/patron/trace/kafka/kafka.go:38.64,40.16 2 3
github.com/beatlabs/patron/trace/kafka/kafka.go:43.2,43.41 1 2
github.com/beatlabs/patron/trace/kafka/kafka.go:40.16,42.3 1 1
github.com/beatlabs/patron/trace/kafka/kafka.go:47.81,48.13 1 4
github.com/beatlabs/patron/trace/kafka/kafka.go:51.2,52.16 2 3
github.com/beatlabs/patron/trace/kafka/kafka.go:55.2,55.50 1 2
github.com/beatlabs/patron/trace/kafka/kafka.go:48.13,50.3 1 1
github.com/beatlabs/patron/trace/kafka/kafka.go:52.16,54.3 1 1
github.com/beatlabs/patron/trace/kafka/kafka.go:76.83,83.23 4 12
github.com/beatlabs/patron/trace/kafka/kafka.go:90.2,91.16 2 11
github.com/beatlabs/patron/trace/kafka/kafka.go:94.2,96.17 3 10
github.com/beatlabs/patron/trace/kafka/kafka.go:83.23,85.17 2 11
github.com/beatlabs/patron/trace/kafka/kafka.go:85.17,87.4 1 1
github.com/beatlabs/patron/trace/kafka/kafka.go:91.16,93.3 1 1
github.com/beatlabs/patron/trace/kafka/kafka.go:100.72,105.16 3 9
github.com/beatlabs/patron/trace/kafka/kafka.go:109.2,111.12 3 8
github.com/beatlabs/patron/trace/kafka/kafka.go:105.16,108.3 2 1
github.com/beatlabs/patron/trace/kafka/kafka.go:115.47,117.2 1 2
github.com/beatlabs/patron/trace/kafka/kafka.go:120.40,122.16 2 2
github.com/beatlabs/patron/trace/kafka/kafka.go:125.2,125.12 1 2
github.com/beatlabs/patron/trace/kafka/kafka.go:122.16,124.3 1 0
github.com/beatlabs/patron/trace/kafka/kafka.go:128.43,129.35 1 10
github.com/beatlabs/patron/trace/kafka/kafka.go:129.35,131.3 1 8
github.com/beatlabs/patron/trace/kafka/kafka.go:134.137,137.16 3 9
github.com/beatlabs/patron/trace/kafka/kafka.go:140.2,143.20 3 9
github.com/beatlabs/patron/trace/kafka/kafka.go:147.2,148.16 2 9
github.com/beatlabs/patron/trace/kafka/kafka.go:152.2,158.8 2 8
github.com/beatlabs/patron/trace/kafka/kafka.go:137.16,139.3 1 0
github.com/beatlabs/patron/trace/kafka/kafka.go:143.20,145.3 1 8
github.com/beatlabs/patron/trace/kafka/kafka.go:148.16,150.3 1 1
github.com/beatlabs/patron/trace/kafka/kafka.go:164.52,166.2 1 26
github.com/beatlabs/patron/trace/kafka/option.go:30.41,31.39 1 14
github.com/beatlabs/patron/trace/kafka/option.go:31.39,32.20 1 14
github.com/beatlabs/patron/trace/kafka/option.go:35.3,36.17 2 13
github.com/beatlabs/patron/trace/kafka/option.go:39.3,41.13 3 11
github.com/beatlabs/patron/trace/kafka/option.go:32.20,34.4 1 1
github.com/beatlabs/patron/trace/kafka/option.go:36.17,38.4 1 2
github.com/beatlabs/patron/trace/kafka/option.go:46.46,47.39 1 2
github.com/beatlabs/patron/trace/kafka/option.go:47.39,48.16 1 2
github.com/beatlabs/patron/trace/kafka/option.go:51.3,53.13 3 1
github.com/beatlabs/patron/trace/kafka/option.go:48.16,50.4 1 1
github.com/beatlabs/patron/trace/kafka/option.go:59.54,60.39 1 3
github.com/beatlabs/patron/trace/kafka/option.go:60.39,63.3 2 3
github.com/beatlabs/patron/trace/kafka/option.go:67.70,68.39 1 12
github.com/beatlabs/patron/trace/kafka/option.go:68.39,69.17 1 12
github.com/beatlabs/patron/trace/kafka/option.go:72.3,72.24 1 7
github.com/beatlabs/patron/trace/kafka/option.go:75.3,77.13 3 6
github.com/beatlabs/patron/trace/kafka/option.go:69.17,71.4 1 5
github.com/beatlabs/patron/trace/kafka/option.go:72.24,74.4 1 1
